<?xml version="1.0" encoding="UTF-8"?>
<!-- Generated by org.testng.reporters.JUnitReportReporter -->
<testsuite hostname="LAPTOP-9D514ALF" failures="0" tests="1" name="scripts.Tc1" time="0.012" errors="0" timestamp="2023-01-05T16:06:53 IST" skipped="0">
  <testcase classname="scripts.Tc1" name="demo" time="0.012"/>
  <system-out>
    <![CDATA[Hellojava]]>
  </system-out>
</testsuite> <!-- scripts.Tc1 -->
