<?xml version="1.0" encoding="UTF-8"?>
<!-- Generated by org.testng.reporters.JUnitReportReporter -->
<testsuite hostname="LAPTOP-9D514ALF" failures="0" tests="1" name="scripts.Tc2" time="0.000" errors="0" timestamp="2022-12-31T16:22:32 IST" skipped="0">
  <testcase classname="scripts.Tc2" name="demo" time="0.000"/>
  <system-out>
    <![CDATA[Hello selenium]]>
  </system-out>
</testsuite> <!-- scripts.Tc2 -->
