<?xml version="1.0" encoding="UTF-8"?>
<!-- Generated by org.testng.reporters.JUnitReportReporter -->
<testsuite hostname="LAPTOP-9D514ALF" failures="0" tests="1" name="scripts.Tc3" time="0.001" errors="0" timestamp="2022-12-31T16:22:32 IST" skipped="0">
  <testcase classname="scripts.Tc3" name="demo" time="0.001"/>
  <system-out>
    <![CDATA[Hello Paritosh]]>
  </system-out>
</testsuite> <!-- scripts.Tc3 -->
