<?xml version="1.0" encoding="UTF-8"?>
<!-- Generated by org.testng.reporters.JUnitReportReporter -->
<testsuite hostname="LAPTOP-9D514ALF" failures="0" tests="1" name="scripts.Tc2" time="0.001" errors="0" timestamp="2023-01-05T16:06:53 IST" skipped="0">
  <testcase classname="scripts.Tc2" name="demo" time="0.001"/>
  <system-out>
    <![CDATA[Hello selenium]]>
  </system-out>
</testsuite> <!-- scripts.Tc2 -->
