<?xml version="1.0" encoding="UTF-8"?>
<!-- Generated by org.testng.reporters.JUnitReportReporter -->
<testsuite hostname="LAPTOP-9D514ALF" failures="0" tests="1" name="scripts.Tc1" time="0.007" errors="0" timestamp="2022-12-28T12:41:04 IST" skipped="0">
  <testcase classname="scripts.Tc1" name="demo" time="0.007"/>
  <system-out>
    <![CDATA[Hellojava]]>
  </system-out>
</testsuite> <!-- scripts.Tc1 -->
